ERROR - 2026-06-20 07:10:31 --> Error connecting to the database: ErrorException: pg_connect(): Unable to connect to PostgreSQL server: connection to server at &quot;127.0.0.1&quot;, port 5432 failed: FATAL:  database &quot;ci4&quot; does not exist in /Users/uchi_fitiavana/S4/MrMamy-SIG/projet-parc-national/system/Database/Postgre/Connection.php:78
Stack trace:
#0 [internal function]: CodeIgniter\Debug\Exceptions->errorHandler(2, 'pg_connect(): U...', '/Users/uchi_fit...', 78)
#1 /Users/uchi_fitiavana/S4/MrMamy-SIG/projet-parc-national/system/Database/Postgre/Connection.php(78): pg_connect('host=127.0.0.1 ...')
#2 /Users/uchi_fitiavana/S4/MrMamy-SIG/projet-parc-national/system/Database/BaseConnection.php(555): CodeIgniter\Database\Postgre\Connection->connect(false)
#3 /Users/uchi_fitiavana/S4/MrMamy-SIG/projet-parc-national/system/Database/BaseConnection.php(795): CodeIgniter\Database\BaseConnection->initialize()
#4 /Users/uchi_fitiavana/S4/MrMamy-SIG/projet-parc-national/app/Controllers/Home.php(16): CodeIgniter\Database\BaseConnection->query('SELECT 1')
#5 /Users/uchi_fitiavana/S4/MrMamy-SIG/projet-parc-national/system/CodeIgniter.php(951): App\Controllers\Home->test()
#6 /Users/uchi_fitiavana/S4/MrMamy-SIG/projet-parc-national/system/CodeIgniter.php(497): CodeIgniter\CodeIgniter->runController(Object(App\Controllers\Home))
#7 /Users/uchi_fitiavana/S4/MrMamy-SIG/projet-parc-national/system/CodeIgniter.php(340): CodeIgniter\CodeIgniter->handleRequest(NULL, Object(Config\Cache), false)
#8 /Users/uchi_fitiavana/S4/MrMamy-SIG/projet-parc-national/system/Boot.php(417): CodeIgniter\CodeIgniter->run()
#9 /Users/uchi_fitiavana/S4/MrMamy-SIG/projet-parc-national/system/Boot.php(68): CodeIgniter\Boot::runCodeIgniter(Object(CodeIgniter\CodeIgniter))
#10 /Users/uchi_fitiavana/S4/MrMamy-SIG/projet-parc-national/public/index.php(59): CodeIgniter\Boot::bootWeb(Object(Config\Paths))
#11 /Users/uchi_fitiavana/S4/MrMamy-SIG/projet-parc-national/system/rewrite.php(44): require_once('/Users/uchi_fit...')
#12 {main}
CRITICAL - 2026-06-20 07:44:50 --> Error: Class "App\Controllers\PointsParcsModel" not found
[Method: GET, Route: api/all-parcs]
in APPPATH/Controllers/Api.php on line 11.
 1 SYSTEMPATH/CodeIgniter.php(951): App\Controllers\Api->allParcs()
 2 SYSTEMPATH/CodeIgniter.php(497): CodeIgniter\CodeIgniter->runController(Object(App\Controllers\Api))
 3 SYSTEMPATH/CodeIgniter.php(340): CodeIgniter\CodeIgniter->handleRequest(null, Object(Config\Cache), false)
 4 SYSTEMPATH/Boot.php(417): CodeIgniter\CodeIgniter->run()
 5 SYSTEMPATH/Boot.php(68): CodeIgniter\Boot::runCodeIgniter(Object(CodeIgniter\CodeIgniter))
 6 FCPATH/index.php(59): CodeIgniter\Boot::bootWeb(Object(Config\Paths))
 7 SYSTEMPATH/rewrite.php(44): require_once('/Users/uchi_fitiavana/S4/MrMamy-SIG/projet-parc-national/public/index.php')
CRITICAL - 2026-06-20 07:45:24 --> Error: Class "App\Models\PointsParcsModel" not found
[Method: GET, Route: api/all-parcs]
in APPPATH/Controllers/Api.php on line 11.
 1 SYSTEMPATH/CodeIgniter.php(951): App\Controllers\Api->allParcs()
 2 SYSTEMPATH/CodeIgniter.php(497): CodeIgniter\CodeIgniter->runController(Object(App\Controllers\Api))
 3 SYSTEMPATH/CodeIgniter.php(340): CodeIgniter\CodeIgniter->handleRequest(null, Object(Config\Cache), false)
 4 SYSTEMPATH/Boot.php(417): CodeIgniter\CodeIgniter->run()
 5 SYSTEMPATH/Boot.php(68): CodeIgniter\Boot::runCodeIgniter(Object(CodeIgniter\CodeIgniter))
 6 FCPATH/index.php(59): CodeIgniter\Boot::bootWeb(Object(Config\Paths))
 7 SYSTEMPATH/rewrite.php(44): require_once('/Users/uchi_fitiavana/S4/MrMamy-SIG/projet-parc-national/public/index.php')
CRITICAL - 2026-06-20 07:45:46 --> Error: Class "App\Models\PointsParcsModel" not found
[Method: GET, Route: api/all-parcs]
in APPPATH/Controllers/Api.php on line 11.
 1 SYSTEMPATH/CodeIgniter.php(951): App\Controllers\Api->allParcs()
 2 SYSTEMPATH/CodeIgniter.php(497): CodeIgniter\CodeIgniter->runController(Object(App\Controllers\Api))
 3 SYSTEMPATH/CodeIgniter.php(340): CodeIgniter\CodeIgniter->handleRequest(null, Object(Config\Cache), false)
 4 SYSTEMPATH/Boot.php(417): CodeIgniter\CodeIgniter->run()
 5 SYSTEMPATH/Boot.php(68): CodeIgniter\Boot::runCodeIgniter(Object(CodeIgniter\CodeIgniter))
 6 FCPATH/index.php(59): CodeIgniter\Boot::bootWeb(Object(Config\Paths))
 7 SYSTEMPATH/rewrite.php(44): require_once('/Users/uchi_fitiavana/S4/MrMamy-SIG/projet-parc-national/public/index.php')
